
  .   ____          _            __ _ _
 /\\ / ___'_ __ _ _(_)_ __  __ _ \ \ \ \
( ( )\___ | '_ | '_| | '_ \/ _` | \ \ \ \
 \\/  ___)| |_)| | | | | || (_| |  ) ) ) )
  '  |____| .__|_| |_|_| |_\__, | / / / /
 =========|_|==============|___/=/_/_/_/

 :: Spring Boot ::                (v3.3.2)

2025-09-20T12:45:11.758-04:00  INFO 19653 --- [           main] com.care.ride.CareRideApplication        : Starting CareRideApplication using Java 20.0.1 with PID 19653 (/Users/chhabisharma/Documents/Care-ride-solution/care-ride-solutions-backend/target/care-ride-backend-0.0.1.war started by chhabisharma in /Users/chhabisharma/Documents/Care-ride-solution/care-ride-solutions-backend)
2025-09-20T12:45:11.761-04:00  INFO 19653 --- [           main] com.care.ride.CareRideApplication        : The following 1 profile is active: "local"
2025-09-20T12:45:12.441-04:00  INFO 19653 --- [           main] .s.d.r.c.RepositoryConfigurationDelegate : Bootstrapping Spring Data JPA repositories in DEFAULT mode.
2025-09-20T12:45:12.467-04:00  INFO 19653 --- [           main] .s.d.r.c.RepositoryConfigurationDelegate : Finished Spring Data repository scanning in 22 ms. Found 3 JPA repository interfaces.
2025-09-20T12:45:12.906-04:00  INFO 19653 --- [           main] o.s.b.w.embedded.tomcat.TomcatWebServer  : Tomcat initialized with port 8080 (http)
2025-09-20T12:45:12.913-04:00  INFO 19653 --- [           main] o.apache.catalina.core.StandardService   : Starting service [Tomcat]
2025-09-20T12:45:12.913-04:00  INFO 19653 --- [           main] o.apache.catalina.core.StandardEngine    : Starting Servlet engine: [Apache Tomcat/10.1.26]
2025-09-20T12:45:12.959-04:00  INFO 19653 --- [           main] o.a.c.c.C.[Tomcat].[localhost].[/]       : Initializing Spring embedded WebApplicationContext
2025-09-20T12:45:12.960-04:00  INFO 19653 --- [           main] w.s.c.ServletWebServerApplicationContext : Root WebApplicationContext: initialization completed in 1149 ms
2025-09-20T12:45:13.036-04:00  INFO 19653 --- [           main] com.zaxxer.hikari.HikariDataSource       : HikariPool-1 - Starting...
2025-09-20T12:45:13.131-04:00  INFO 19653 --- [           main] com.zaxxer.hikari.pool.HikariPool        : HikariPool-1 - Added connection conn0: url=jdbc:h2:mem:caredb user=SA
2025-09-20T12:45:13.131-04:00  INFO 19653 --- [           main] com.zaxxer.hikari.HikariDataSource       : HikariPool-1 - Start completed.
2025-09-20T12:45:13.138-04:00  INFO 19653 --- [           main] o.s.b.a.h2.H2ConsoleAutoConfiguration    : H2 console available at '/h2-console'. Database available at 'jdbc:h2:mem:caredb'
2025-09-20T12:45:13.262-04:00  INFO 19653 --- [           main] o.hibernate.jpa.internal.util.LogHelper  : HHH000204: Processing PersistenceUnitInfo [name: default]
2025-09-20T12:45:13.294-04:00  INFO 19653 --- [           main] org.hibernate.Version                    : HHH000412: Hibernate ORM core version 6.5.2.Final
2025-09-20T12:45:13.312-04:00  INFO 19653 --- [           main] o.h.c.internal.RegionFactoryInitiator    : HHH000026: Second-level cache disabled
2025-09-20T12:45:13.478-04:00  INFO 19653 --- [           main] o.s.o.j.p.SpringPersistenceUnitInfo      : No LoadTimeWeaver setup: ignoring JPA class transformer
2025-09-20T12:45:13.501-04:00  WARN 19653 --- [           main] org.hibernate.orm.deprecation            : HHH90000025: H2Dialect does not need to be specified explicitly using 'hibernate.dialect' (remove the property setting and it will be selected by default)
2025-09-20T12:45:13.973-04:00  INFO 19653 --- [           main] o.h.e.t.j.p.i.JtaPlatformInitiator       : HHH000489: No JTA platform available (set 'hibernate.transaction.jta.platform' to enable JTA platform integration)
Hibernate: 
    drop table if exists booking cascade 
Hibernate: 
    drop table if exists contacts cascade 
Hibernate: 
    drop table if exists service_type cascade 
Hibernate: 
    create table booking (
        service_type_id integer not null,
        id bigint generated by default as identity,
        pickup_time timestamp(6) with time zone not null,
        dropoff_address varchar(255) not null,
        email varchar(255),
        full_name varchar(255) not null,
        notes varchar(255),
        phone varchar(255) not null,
        pickup_address varchar(255) not null,
        status varchar(255) not null,
        primary key (id)
    )
Hibernate: 
    create table contacts (
        created_at timestamp(6),
        id bigint generated by default as identity,
        email varchar(255),
        message text,
        name varchar(255),
        phone varchar(255),
        reason varchar(255),
        primary key (id)
    )
Hibernate: 
    create table service_type (
        id integer generated by default as identity,
        description varchar(255) not null,
        name varchar(255) not null,
        primary key (id)
    )
Hibernate: 
    alter table if exists booking 
       add constraint FKjx7gpfq3whfqo33uyhj1ckuiv 
       foreign key (service_type_id) 
       references service_type
2025-09-20T12:45:13.997-04:00  INFO 19653 --- [           main] j.LocalContainerEntityManagerFactoryBean : Initialized JPA EntityManagerFactory for persistence unit 'default'
2025-09-20T12:45:14.297-04:00  WARN 19653 --- [           main] JpaBaseConfiguration$JpaWebConfiguration : spring.jpa.open-in-view is enabled by default. Therefore, database queries may be performed during view rendering. Explicitly configure spring.jpa.open-in-view to disable this warning
2025-09-20T12:45:14.331-04:00  INFO 19653 --- [           main] r$InitializeUserDetailsManagerConfigurer : Global AuthenticationManager configured with UserDetailsService bean with name userDetailsService
2025-09-20T12:45:14.593-04:00  INFO 19653 --- [           main] o.s.b.a.e.web.EndpointLinksResolver      : Exposing 2 endpoints beneath base path '/actuator'
2025-09-20T12:45:14.866-04:00  INFO 19653 --- [           main] o.s.b.w.embedded.tomcat.TomcatWebServer  : Tomcat started on port 8080 (http) with context path '/'
2025-09-20T12:45:14.878-04:00  INFO 19653 --- [           main] com.care.ride.CareRideApplication        : Started CareRideApplication in 3.391 seconds (process running for 3.662)
2025-09-20T12:45:23.683-04:00  INFO 19653 --- [nio-8080-exec-1] o.a.c.c.C.[Tomcat].[localhost].[/]       : Initializing Spring DispatcherServlet 'dispatcherServlet'
2025-09-20T12:45:23.683-04:00  INFO 19653 --- [nio-8080-exec-1] o.s.web.servlet.DispatcherServlet        : Initializing Servlet 'dispatcherServlet'
2025-09-20T12:45:23.683-04:00  INFO 19653 --- [nio-8080-exec-1] o.s.web.servlet.DispatcherServlet        : Completed initialization in 0 ms
[contact] inbound payload email=debug@example.com reason=Authentication Test notifyRecipient=contact@careridesolutionspa.com
Hibernate: 
    insert 
    into
        contacts
        (created_at, email, message, name, phone, reason, id) 
    values
        (?, ?, ?, ?, ?, ?, default)
[contact] saved id=1 size=146
2025-09-20T12:46:52.886-04:00  INFO 19653 --- [onPool-worker-1] com.care.ride.service.EmailService       : === EMAIL SEND ATTEMPT ===
2025-09-20T12:46:52.887-04:00  INFO 19653 --- [onPool-worker-1] com.care.ride.service.EmailService       : From: contact@careridesolutionspa.com
2025-09-20T12:46:52.887-04:00  INFO 19653 --- [onPool-worker-1] com.care.ride.service.EmailService       : To: contact@careridesolutionspa.com
2025-09-20T12:46:52.887-04:00  INFO 19653 --- [onPool-worker-1] com.care.ride.service.EmailService       : Subject: New Contact Form Submission: Authentication Test
2025-09-20T12:46:52.887-04:00  INFO 19653 --- [onPool-worker-1] com.care.ride.service.EmailService       : Host: smtp.office365.com, Port: 587
2025-09-20T12:46:52.887-04:00  INFO 19653 --- [onPool-worker-1] com.care.ride.service.EmailService       : Password configured: YES
2025-09-20T12:46:52.887-04:00  INFO 19653 --- [onPool-worker-1] com.care.ride.service.EmailService       : Password length: 17
2025-09-20T12:46:52.891-04:00  INFO 19653 --- [onPool-worker-1] com.care.ride.service.EmailService       : Trying mail send using host=smtp.office365.com, port=587, ssl=false, starttls=true, label=configured
2025-09-20T12:46:58.662-04:00 ERROR 19653 --- [onPool-worker-1] com.care.ride.service.EmailService       : ❌ AUTHENTICATION FAILED when sending email via smtp.office365.com:587 - Authentication failed
2025-09-20T12:46:58.662-04:00 ERROR 19653 --- [onPool-worker-1] com.care.ride.service.EmailService       :    Check MAIL_USERNAME and MAIL_PASSWORD are correct
2025-09-20T12:46:58.664-04:00  INFO 19653 --- [onPool-worker-1] com.care.ride.service.EmailService       : Trying mail send using host=smtp.office365.com, port=465, ssl=true, starttls=false, label=ssl465
2025-09-20T12:47:08.668-04:00 ERROR 19653 --- [onPool-worker-1] com.care.ride.service.EmailService       : ❌ FAILED to send email via smtp.office365.com:465 - MailSendException: Mail server connection failed. Failed messages: org.eclipse.angus.mail.util.MailConnectException: Couldn't connect to host, port: smtp.office365.com, 465; timeout 10000;
  nested exception is:
	java.net.SocketTimeoutException: Connect timed out
2025-09-20T12:47:08.676-04:00  INFO 19653 --- [onPool-worker-1] com.care.ride.service.EmailService       : Trying mail send using host=smtp.office365.com, port=25, ssl=false, starttls=false, label=plain25
2025-09-20T12:47:13.807-04:00 ERROR 19653 --- [onPool-worker-1] com.care.ride.service.EmailService       : ❌ FAILED to send email via smtp.office365.com:25 - MailSendException: Failed messages: org.eclipse.angus.mail.smtp.SMTPSendFailedException: 451 5.7.3 STARTTLS is required to send mail [CH2PR07CA0010.namprd07.prod.outlook.com 2025-09-20T16:47:15.174Z 08DDF7DF1AC4D034]

2025-09-20T12:47:13.808-04:00 ERROR 19653 --- [onPool-worker-1] com.care.ride.service.EmailService       : ❌ ALL MAIL SEND ATTEMPTS FAILED for subject=New Contact Form Submission: Authentication Test
2025-09-20T12:47:13.808-04:00 ERROR 19653 --- [onPool-worker-1] com.care.ride.service.EmailService       : 💡 Possible issues:
2025-09-20T12:47:13.809-04:00 ERROR 19653 --- [onPool-worker-1] com.care.ride.service.EmailService       :    1. Incorrect MAIL_USERNAME or MAIL_PASSWORD
2025-09-20T12:47:13.809-04:00 ERROR 19653 --- [onPool-worker-1] com.care.ride.service.EmailService       :    2. AWS WorkMail account not activated
2025-09-20T12:47:13.809-04:00 ERROR 19653 --- [onPool-worker-1] com.care.ride.service.EmailService       :    3. Domain careridesolutionspa.com not verified in AWS WorkMail
2025-09-20T12:47:13.809-04:00 ERROR 19653 --- [onPool-worker-1] com.care.ride.service.EmailService       :    4. Sending limits exceeded
[contact] async email result id=1 ok=false
2025-09-20T13:07:16.220-04:00  WARN 19653 --- [l-1 housekeeper] com.zaxxer.hikari.pool.HikariPool        : HikariPool-1 - Thread starvation or clock leap detected (housekeeper delta=17m2s946ms).
[contact] inbound payload email=success@example.com reason=SMTP Authentication Fixed notifyRecipient=contact@careridesolutionspa.com
Hibernate: 
    insert 
    into
        contacts
        (created_at, email, message, name, phone, reason, id) 
    values
        (?, ?, ?, ?, ?, ?, default)
[contact] saved id=2 size=130
2025-09-20T13:35:01.943-04:00  INFO 19653 --- [onPool-worker-2] com.care.ride.service.EmailService       : === EMAIL SEND ATTEMPT ===
2025-09-20T13:35:01.943-04:00  INFO 19653 --- [onPool-worker-2] com.care.ride.service.EmailService       : From: contact@careridesolutionspa.com
2025-09-20T13:35:01.943-04:00  INFO 19653 --- [onPool-worker-2] com.care.ride.service.EmailService       : To: contact@careridesolutionspa.com
2025-09-20T13:35:01.943-04:00  INFO 19653 --- [onPool-worker-2] com.care.ride.service.EmailService       : Subject: New Contact Form Submission: SMTP Authentication Fixed
2025-09-20T13:35:01.943-04:00  INFO 19653 --- [onPool-worker-2] com.care.ride.service.EmailService       : Host: smtp.office365.com, Port: 587
2025-09-20T13:35:01.943-04:00  INFO 19653 --- [onPool-worker-2] com.care.ride.service.EmailService       : Password configured: YES
2025-09-20T13:35:01.943-04:00  INFO 19653 --- [onPool-worker-2] com.care.ride.service.EmailService       : Password length: 17
2025-09-20T13:35:01.947-04:00  INFO 19653 --- [onPool-worker-2] com.care.ride.service.EmailService       : Trying mail send using host=smtp.office365.com, port=587, ssl=false, starttls=true, label=configured
2025-09-20T13:35:06.828-04:00  INFO 19653 --- [onPool-worker-2] com.care.ride.service.EmailService       : ✅ SUCCESS: Email sent to contact@careridesolutionspa.com (subject=New Contact Form Submission: SMTP Authentication Fixed) via smtp.office365.com:587
[contact] async email result id=2 ok=true
[contact] inbound payload email=hhjgjhg reason=hghjgj notifyRecipient=contact@careridesolutionspa.com
Hibernate: 
    insert 
    into
        contacts
        (created_at, email, message, name, phone, reason, id) 
    values
        (?, ?, ?, ?, ?, ?, default)
[contact] saved id=3 size=19
2025-09-20T13:37:05.894-04:00  INFO 19653 --- [onPool-worker-3] com.care.ride.service.EmailService       : === EMAIL SEND ATTEMPT ===
2025-09-20T13:37:05.895-04:00  INFO 19653 --- [onPool-worker-3] com.care.ride.service.EmailService       : From: contact@careridesolutionspa.com
2025-09-20T13:37:05.895-04:00  INFO 19653 --- [onPool-worker-3] com.care.ride.service.EmailService       : To: contact@careridesolutionspa.com
2025-09-20T13:37:05.895-04:00  INFO 19653 --- [onPool-worker-3] com.care.ride.service.EmailService       : Subject: New Contact Form Submission: hghjgj
2025-09-20T13:37:05.895-04:00  INFO 19653 --- [onPool-worker-3] com.care.ride.service.EmailService       : Host: smtp.office365.com, Port: 587
2025-09-20T13:37:05.895-04:00  INFO 19653 --- [onPool-worker-3] com.care.ride.service.EmailService       : Password configured: YES
2025-09-20T13:37:05.895-04:00  INFO 19653 --- [onPool-worker-3] com.care.ride.service.EmailService       : Password length: 17
2025-09-20T13:37:05.898-04:00  INFO 19653 --- [onPool-worker-3] com.care.ride.service.EmailService       : Trying mail send using host=smtp.office365.com, port=587, ssl=false, starttls=true, label=configured
2025-09-20T13:37:07.811-04:00  INFO 19653 --- [onPool-worker-3] com.care.ride.service.EmailService       : ✅ SUCCESS: Email sent to contact@careridesolutionspa.com (subject=New Contact Form Submission: hghjgj) via smtp.office365.com:587
[contact] async email result id=3 ok=true
